<!DOCTYPE html PUBLIC "-//W3C//DTD XHTML 1.1//EN" "http://www.w3.org/TR/xhtml11/DTD/xhtml11.dtd">
<html xmlns="http://www.w3.org/1999/xhtml"><head><title>TestNG Report</title><style type="text/css">table {margin-bottom:10px;border-collapse:collapse;empty-cells:show}th,td {border:1px solid #009;padding:.25em .5em}th {vertical-align:bottom}td {vertical-align:top}table a {font-weight:bold}.stripe td {background-color: #E6EBF9}.num {text-align:right}.passedodd td {background-color: #3F3}.passedeven td {background-color: #0A0}.skippedodd td {background-color: #DDD}.skippedeven td {background-color: #CCC}.failedodd td,.attn {background-color: #F33}.failedeven td,.stripe .attn {background-color: #D00}.stacktrace {white-space:pre;font-family:monospace}.totop {font-size:85%;text-align:center;border-bottom:2px solid #000}</style></head><body><table><tr><th>Test</th><th># Passed</th><th># Skipped</th><th># Failed</th><th>Time (ms)</th><th>Included Groups</th><th>Excluded Groups</th></tr><tr><th colspan="7">UpRaise</th></tr><tr><td><a href="#t0">java Test</a></td><td class="num">0</td><td class="num">0</td><td class="num attn">3</td><td class="num">98,354</td><td></td><td></td></tr></table><table><thead><tr><th>Class</th><th>Method</th><th>Start</th><th>Time (ms)</th></tr></thead><tbody><tr><th colspan="4">UpRaise</th></tr></tbody><tbody id="t0"><tr><th colspan="4">java Test &#8212; failed</th></tr><tr class="failedeven"><td rowspan="3">com.upraise.test.UpServerTest</td><td><a href="#m0">AddIobjective</a></td><td rowspan="1">1500384181747</td><td rowspan="1">58214</td></tr><tr class="failedeven"><td><a href="#m1">AddTobjective</a></td><td rowspan="1">1500384241269</td><td rowspan="1">237</td></tr><tr class="failedeven"><td><a href="#m2">upraiselogin</a></td><td rowspan="1">1500384146981</td><td rowspan="1">34408</td></tr></tbody></table><h2>java Test</h2><h3 id="m0">com.upraise.test.UpServerTest#AddIobjective</h3><table class="result"><tr><th>Messages</th></tr><tr><td><div class="messages">&lt;div style=&quot;display:block;margin-left:10px;&quot;&gt;&lt;div  class=&quot;fail&quot;&gt;&lt;span class=&quot;fail-label&quot;&gt;F &lt;/span&gt;element not visible
  (Session info: chrome=59.0.3071.115)
  (Driver info: chromedriver=2.30.477700 (0057494ad8732195794a7b32078424f92a5fce41),platform=Windows NT 10.0.15063 x86_64) (WARNING: The server did not provide any stacktrace information)
Command duration or timeout: 108 milliseconds
Build info: version: &apos;2.53.0&apos;, revision: &apos;35ae25b1534ae328c771e0856c93e187490ca824&apos;, time: &apos;2016-03-15 10:43:46&apos;
System info: host: &apos;Sourya&apos;, ip: &apos;192.168.0.110&apos;, os.name: &apos;Windows 10&apos;, os.arch: &apos;x86&apos;, os.version: &apos;10.0&apos;, java.version: &apos;1.8.0_60&apos;
Driver info: com.qmetry.qaf.automation.ui.webdriver.QAFExtendedWebDriver
Capabilities [{applicationCacheEnabled=false, rotatable=false, mobileEmulationEnabled=false, networkConnectionEnabled=false, chrome={chromedriverVersion=2.30.477700 (0057494ad8732195794a7b32078424f92a5fce41), userDataDir=C:\Users\Sourya\AppData\Local\Temp\scoped_dir12800_25284}, takesHeapSnapshot=true, pageLoadStrategy=normal, databaseEnabled=false, handlesAlerts=true, hasTouchScreen=false, version=59.0.3071.115, platform=XP, browserConnectionEnabled=false, nativeEvents=true, acceptSslCerts=true, locationContextEnabled=true, webStorageEnabled=true, browserName=chrome, takesScreenshot=true, javascriptEnabled=true, cssSelectorsEnabled=true, unexpectedAlertBehaviour=}]
Session ID: acec27045fbcb98b2a9f95cde3ca6a1b &lt;a href=&quot;../img/AddIobjective_lu3syhb8htjh65502.png&quot; target=&quot;_blank&quot;&gt;[View Screenshot]&lt;/a&gt; &lt;/div&gt;&lt;/div&gt;<br/>&lt;div style=&quot;display:block;margin-left:10px;&quot;&gt;&lt;div  class=&quot;fail&quot;&gt;&lt;span class=&quot;fail-label&quot;&gt;F &lt;/span&gt;element not visible
  (Session info: chrome=59.0.3071.115)
  (Driver info: chromedriver=2.30.477700 (0057494ad8732195794a7b32078424f92a5fce41),platform=Windows NT 10.0.15063 x86_64) (WARNING: The server did not provide any stacktrace information)
Command duration or timeout: 108 milliseconds
Build info: version: &apos;2.53.0&apos;, revision: &apos;35ae25b1534ae328c771e0856c93e187490ca824&apos;, time: &apos;2016-03-15 10:43:46&apos;
System info: host: &apos;Sourya&apos;, ip: &apos;192.168.0.110&apos;, os.name: &apos;Windows 10&apos;, os.arch: &apos;x86&apos;, os.version: &apos;10.0&apos;, java.version: &apos;1.8.0_60&apos;
Driver info: com.qmetry.qaf.automation.ui.webdriver.QAFExtendedWebDriver
Capabilities [{applicationCacheEnabled=false, rotatable=false, mobileEmulationEnabled=false, networkConnectionEnabled=false, chrome={chromedriverVersion=2.30.477700 (0057494ad8732195794a7b32078424f92a5fce41), userDataDir=C:\Users\Sourya\AppData\Local\Temp\scoped_dir12800_25284}, takesHeapSnapshot=true, pageLoadStrategy=normal, databaseEnabled=false, handlesAlerts=true, hasTouchScreen=false, version=59.0.3071.115, platform=XP, browserConnectionEnabled=false, nativeEvents=true, acceptSslCerts=true, locationContextEnabled=true, webStorageEnabled=true, browserName=chrome, takesScreenshot=true, javascriptEnabled=true, cssSelectorsEnabled=true, unexpectedAlertBehaviour=}]
Session ID: acec27045fbcb98b2a9f95cde3ca6a1b &lt;a href=&quot;../img/AddIobjective_lu3syhb8htjh65502.png&quot; target=&quot;_blank&quot;&gt;[View Screenshot]&lt;/a&gt; &lt;/div&gt;&lt;/div&gt;</div></td></tr><tr><th>Exception</th></tr><tr><td><div class="stacktrace">org.openqa.selenium.ElementNotVisibleException: element not visible
  (Session info: chrome=59.0.3071.115)
  (Driver info: chromedriver=2.30.477700 (0057494ad8732195794a7b32078424f92a5fce41),platform=Windows NT 10.0.15063 x86_64) (WARNING: The server did not provide any stacktrace information)
Command duration or timeout: 108 milliseconds
Build info: version: &apos;2.53.0&apos;, revision: &apos;35ae25b1534ae328c771e0856c93e187490ca824&apos;, time: &apos;2016-03-15 10:43:46&apos;
System info: host: &apos;Sourya&apos;, ip: &apos;192.168.0.110&apos;, os.name: &apos;Windows 10&apos;, os.arch: &apos;x86&apos;, os.version: &apos;10.0&apos;, java.version: &apos;1.8.0_60&apos;
Driver info: com.qmetry.qaf.automation.ui.webdriver.QAFExtendedWebDriver
Capabilities [{applicationCacheEnabled=false, rotatable=false, mobileEmulationEnabled=false, networkConnectionEnabled=false, chrome={chromedriverVersion=2.30.477700 (0057494ad8732195794a7b32078424f92a5fce41), userDataDir=C:\Users\Sourya\AppData\Local\Temp\scoped_dir12800_25284}, takesHeapSnapshot=true, pageLoadStrategy=normal, databaseEnabled=false, handlesAlerts=true, hasTouchScreen=false, version=59.0.3071.115, platform=XP, browserConnectionEnabled=false, nativeEvents=true, acceptSslCerts=true, locationContextEnabled=true, webStorageEnabled=true, browserName=chrome, takesScreenshot=true, javascriptEnabled=true, cssSelectorsEnabled=true, unexpectedAlertBehaviour=}]
Session ID: acec27045fbcb98b2a9f95cde3ca6a1b
	at org.openqa.selenium.remote.ErrorHandler.createThrowable(ErrorHandler.java:206)
	at org.openqa.selenium.remote.ErrorHandler.throwIfResponseFailed(ErrorHandler.java:158)
	at org.openqa.selenium.remote.RemoteWebDriver.execute(RemoteWebDriver.java:678)
	at com.qmetry.qaf.automation.ui.webdriver.QAFExtendedWebDriver.executeWitoutLog(QAFExtendedWebDriver.java:245)
	at com.qmetry.qaf.automation.ui.webdriver.QAFExtendedWebElement.execute(QAFExtendedWebElement.java:221)
	at org.openqa.selenium.remote.RemoteWebElement.click(RemoteWebElement.java:85)
	at com.qmetry.qaf.automation.step.CommonStep.click(CommonStep.java:592)
	at com.upraise.steps.StepsLibrary.addindividualobjective(StepsLibrary.java:32)
	at com.upraise.test.UpServerTest.AddIobjective(UpServerTest.java:33)
... Removed 28 stack frames</div></td></tr></table><p class="totop"><a href="#summary">back to summary</a></p><h3 id="m1">com.upraise.test.UpServerTest#AddTobjective</h3><table class="result"><tr><th>Messages</th></tr><tr><td><div class="messages">&lt;div style=&quot;display:block;margin-left:10px;&quot;&gt;&lt;div  class=&quot;fail&quot;&gt;&lt;span class=&quot;fail-label&quot;&gt;F &lt;/span&gt;unknown error: Element &lt;a href=&quot;http://www.atlassian.com&quot; class=&quot; aui-nav-link aui-dropdown2-trigger&quot; id=&quot;upraise_menu&quot; aria-haspopup=&quot;true&quot; aria-controls=&quot;upraise_menu-content&quot; resolved=&quot;&quot; aria-expanded=&quot;false&quot;&gt;...&lt;/a&gt; is not clickable at point (574, 20). Other element would receive the click: &lt;div class=&quot;aui-blanket&quot; tabindex=&quot;0&quot; aria-hidden=&quot;false&quot;&gt;&lt;/div&gt;
  (Session info: chrome=59.0.3071.115)
  (Driver info: chromedriver=2.30.477700 (0057494ad8732195794a7b32078424f92a5fce41),platform=Windows NT 10.0.15063 x86_64) (WARNING: The server did not provide any stacktrace information)
Command duration or timeout: 166 milliseconds
Build info: version: &apos;2.53.0&apos;, revision: &apos;35ae25b1534ae328c771e0856c93e187490ca824&apos;, time: &apos;2016-03-15 10:43:46&apos;
System info: host: &apos;Sourya&apos;, ip: &apos;192.168.0.110&apos;, os.name: &apos;Windows 10&apos;, os.arch: &apos;x86&apos;, os.version: &apos;10.0&apos;, java.version: &apos;1.8.0_60&apos;
Driver info: com.qmetry.qaf.automation.ui.webdriver.QAFExtendedWebDriver
Capabilities [{applicationCacheEnabled=false, rotatable=false, mobileEmulationEnabled=false, networkConnectionEnabled=false, chrome={chromedriverVersion=2.30.477700 (0057494ad8732195794a7b32078424f92a5fce41), userDataDir=C:\Users\Sourya\AppData\Local\Temp\scoped_dir12800_25284}, takesHeapSnapshot=true, pageLoadStrategy=normal, databaseEnabled=false, handlesAlerts=true, hasTouchScreen=false, version=59.0.3071.115, platform=XP, browserConnectionEnabled=false, nativeEvents=true, acceptSslCerts=true, locationContextEnabled=true, webStorageEnabled=true, browserName=chrome, takesScreenshot=true, javascriptEnabled=true, cssSelectorsEnabled=true, unexpectedAlertBehaviour=}]
Session ID: acec27045fbcb98b2a9f95cde3ca6a1b &lt;a href=&quot;../img/AddTobjective_1dt6sgd4gjh3065503.png&quot; target=&quot;_blank&quot;&gt;[View Screenshot]&lt;/a&gt; &lt;/div&gt;&lt;/div&gt;<br/>&lt;div style=&quot;display:block;margin-left:10px;&quot;&gt;&lt;div  class=&quot;fail&quot;&gt;&lt;span class=&quot;fail-label&quot;&gt;F &lt;/span&gt;unknown error: Element &lt;a href=&quot;http://www.atlassian.com&quot; class=&quot; aui-nav-link aui-dropdown2-trigger&quot; id=&quot;upraise_menu&quot; aria-haspopup=&quot;true&quot; aria-controls=&quot;upraise_menu-content&quot; resolved=&quot;&quot; aria-expanded=&quot;false&quot;&gt;...&lt;/a&gt; is not clickable at point (574, 20). Other element would receive the click: &lt;div class=&quot;aui-blanket&quot; tabindex=&quot;0&quot; aria-hidden=&quot;false&quot;&gt;&lt;/div&gt;
  (Session info: chrome=59.0.3071.115)
  (Driver info: chromedriver=2.30.477700 (0057494ad8732195794a7b32078424f92a5fce41),platform=Windows NT 10.0.15063 x86_64) (WARNING: The server did not provide any stacktrace information)
Command duration or timeout: 166 milliseconds
Build info: version: &apos;2.53.0&apos;, revision: &apos;35ae25b1534ae328c771e0856c93e187490ca824&apos;, time: &apos;2016-03-15 10:43:46&apos;
System info: host: &apos;Sourya&apos;, ip: &apos;192.168.0.110&apos;, os.name: &apos;Windows 10&apos;, os.arch: &apos;x86&apos;, os.version: &apos;10.0&apos;, java.version: &apos;1.8.0_60&apos;
Driver info: com.qmetry.qaf.automation.ui.webdriver.QAFExtendedWebDriver
Capabilities [{applicationCacheEnabled=false, rotatable=false, mobileEmulationEnabled=false, networkConnectionEnabled=false, chrome={chromedriverVersion=2.30.477700 (0057494ad8732195794a7b32078424f92a5fce41), userDataDir=C:\Users\Sourya\AppData\Local\Temp\scoped_dir12800_25284}, takesHeapSnapshot=true, pageLoadStrategy=normal, databaseEnabled=false, handlesAlerts=true, hasTouchScreen=false, version=59.0.3071.115, platform=XP, browserConnectionEnabled=false, nativeEvents=true, acceptSslCerts=true, locationContextEnabled=true, webStorageEnabled=true, browserName=chrome, takesScreenshot=true, javascriptEnabled=true, cssSelectorsEnabled=true, unexpectedAlertBehaviour=}]
Session ID: acec27045fbcb98b2a9f95cde3ca6a1b &lt;a href=&quot;../img/AddTobjective_1dt6sgd4gjh3065503.png&quot; target=&quot;_blank&quot;&gt;[View Screenshot]&lt;/a&gt; &lt;/div&gt;&lt;/div&gt;</div></td></tr><tr><th>Exception</th></tr><tr><td><div class="stacktrace">org.openqa.selenium.WebDriverException: unknown error: Element &lt;a href=&quot;http://www.atlassian.com&quot; class=&quot; aui-nav-link aui-dropdown2-trigger&quot; id=&quot;upraise_menu&quot; aria-haspopup=&quot;true&quot; aria-controls=&quot;upraise_menu-content&quot; resolved=&quot;&quot; aria-expanded=&quot;false&quot;&gt;...&lt;/a&gt; is not clickable at point (574, 20). Other element would receive the click: &lt;div class=&quot;aui-blanket&quot; tabindex=&quot;0&quot; aria-hidden=&quot;false&quot;&gt;&lt;/div&gt;
  (Session info: chrome=59.0.3071.115)
  (Driver info: chromedriver=2.30.477700 (0057494ad8732195794a7b32078424f92a5fce41),platform=Windows NT 10.0.15063 x86_64) (WARNING: The server did not provide any stacktrace information)
Command duration or timeout: 166 milliseconds
Build info: version: &apos;2.53.0&apos;, revision: &apos;35ae25b1534ae328c771e0856c93e187490ca824&apos;, time: &apos;2016-03-15 10:43:46&apos;
System info: host: &apos;Sourya&apos;, ip: &apos;192.168.0.110&apos;, os.name: &apos;Windows 10&apos;, os.arch: &apos;x86&apos;, os.version: &apos;10.0&apos;, java.version: &apos;1.8.0_60&apos;
Driver info: com.qmetry.qaf.automation.ui.webdriver.QAFExtendedWebDriver
Capabilities [{applicationCacheEnabled=false, rotatable=false, mobileEmulationEnabled=false, networkConnectionEnabled=false, chrome={chromedriverVersion=2.30.477700 (0057494ad8732195794a7b32078424f92a5fce41), userDataDir=C:\Users\Sourya\AppData\Local\Temp\scoped_dir12800_25284}, takesHeapSnapshot=true, pageLoadStrategy=normal, databaseEnabled=false, handlesAlerts=true, hasTouchScreen=false, version=59.0.3071.115, platform=XP, browserConnectionEnabled=false, nativeEvents=true, acceptSslCerts=true, locationContextEnabled=true, webStorageEnabled=true, browserName=chrome, takesScreenshot=true, javascriptEnabled=true, cssSelectorsEnabled=true, unexpectedAlertBehaviour=}]
Session ID: acec27045fbcb98b2a9f95cde3ca6a1b
	at org.openqa.selenium.remote.ErrorHandler.createThrowable(ErrorHandler.java:206)
	at org.openqa.selenium.remote.ErrorHandler.throwIfResponseFailed(ErrorHandler.java:158)
	at org.openqa.selenium.remote.RemoteWebDriver.execute(RemoteWebDriver.java:678)
	at com.qmetry.qaf.automation.ui.webdriver.QAFExtendedWebDriver.executeWitoutLog(QAFExtendedWebDriver.java:245)
	at com.qmetry.qaf.automation.ui.webdriver.QAFExtendedWebElement.execute(QAFExtendedWebElement.java:221)
	at org.openqa.selenium.remote.RemoteWebElement.click(RemoteWebElement.java:85)
	at com.qmetry.qaf.automation.step.CommonStep.click(CommonStep.java:592)
	at com.upraise.steps.StepsLibrary.addteamobjective(StepsLibrary.java:40)
	at com.upraise.test.UpServerTest.AddTobjective(UpServerTest.java:42)
... Removed 28 stack frames</div></td></tr></table><p class="totop"><a href="#summary">back to summary</a></p><h3 id="m2">com.upraise.test.UpServerTest#upraiselogin</h3><table class="result"><tr class="param"><th>Parameter #1</th></tr><tr class="param stripe"><td>{password=Password@123, isValid=true, username=admin}</td></tr><tr><th>Messages</th></tr><tr><td><div class="messages">&lt;div style=&quot;display:block;margin-left:10px;&quot;&gt;&lt;div  class=&quot;fail&quot;&gt;&lt;span class=&quot;fail-label&quot;&gt;F &lt;/span&gt;Expected link present : Actual link not present &lt;a href=&quot;../img/upraiselogin_l1f0hyhsgj7365501.png&quot; target=&quot;_blank&quot;&gt;[View Screenshot]&lt;/a&gt; &lt;/div&gt;&lt;/div&gt;<br/>&lt;div style=&quot;display:block;margin-left:10px;&quot;&gt;&lt;div  class=&quot;fail&quot;&gt;&lt;span class=&quot;fail-label&quot;&gt;F &lt;/span&gt;Expected link present : Actual link not present &lt;a href=&quot;../img/upraiselogin_l1f0hyhsgj7365501.png&quot; target=&quot;_blank&quot;&gt;[View Screenshot]&lt;/a&gt; &lt;/div&gt;&lt;/div&gt;</div></td></tr></table><p class="totop"><a href="#summary">back to summary</a></p></body></html>